<?xml version="1.0" encoding="UTF-8"?>
<!-- Generated by org.testng.reporters.JUnitXMLReporter -->
<testsuite ignored="0" hostname="COREPW0CFJM5" failures="1" tests="1" name="Default test" time="0.835" errors="0" timestamp="2025-11-03T16:15:38 IST">
  <testcase classname="io.cucumber.testng.AbstractTestNGCucumberTests" name="runScenario" time="0.107">
    <failure type="java.io.FileNotFoundException" message="C:\Users\52333397\eclipse-workspace\RahulShettyAcademy1\src\main\java\rahulshettyacademy\resources\GlobalData.properties (The system cannot find the path specified)">
      <![CDATA[java.io.FileNotFoundException: C:\Users\52333397\eclipse-workspace\RahulShettyAcademy1\src\main\java\rahulshettyacademy\resources\GlobalData.properties (The system cannot find the path specified)
at java.base/java.io.FileInputStream.open0(Native Method)
at java.base/java.io.FileInputStream.open(FileInputStream.java:219)
at java.base/java.io.FileInputStream.<init>(FileInputStream.java:159)
at java.base/java.io.FileInputStream.<init>(FileInputStream.java:112)
at RahulShettyAcademyFrameworkdesign.TestComponents.BaseTest.initializeDriver(BaseTest.java:46)
at RahulShettyAcademyFrameworkdesign.TestComponents.BaseTest.launchApplication(BaseTest.java:111)
at rahulshettyacademy.stepDefinition.StepDefinitionImp.I_landed_on_Ecommerce_Page(StepDefinitionImp.java:26)
at ✽.I landed on Ecommerce Page(file:///C:/Users/52333397/eclipse-workspace/RahulShettyAcademy1/src/test/java/cucumber/SubmitOrder.feature:6)
]]>
    </failure>
  </testcase> <!-- runScenario -->
</testsuite> <!-- Default test -->
