<?xml version="1.0" encoding="UTF-8"?>
<!-- Generated by org.testng.reporters.JUnitReportReporter -->
<testsuite hostname="COREPW0CFJM5" failures="0" tests="1" name="cucumber.TestNGTestRunner" time="0.107" errors="1" timestamp="2025-11-03T16:15:38 IST" skipped="0">
  <testcase classname="cucumber.TestNGTestRunner" name="runScenario" time="0.107">
    <error message="C:\Users\52333397\eclipse-workspace\RahulShettyAcademy1\src\main\java\rahulshettyacademy\resources\GlobalData.properties (The system cannot find the path specified)" type="java.io.FileNotFoundException">
      <![CDATA[java.io.FileNotFoundException: C:\Users\52333397\eclipse-workspace\RahulShettyAcademy1\src\main\java\rahulshettyacademy\resources\GlobalData.properties (The system cannot find the path specified)
at java.base/java.io.FileInputStream.open0(Native Method)
at java.base/java.io.FileInputStream.open(FileInputStream.java:219)
at java.base/java.io.FileInputStream.<init>(FileInputStream.java:159)
at java.base/java.io.FileInputStream.<init>(FileInputStream.java:112)
at RahulShettyAcademyFrameworkdesign.TestComponents.BaseTest.initializeDriver(BaseTest.java:46)
at RahulShettyAcademyFrameworkdesign.TestComponents.BaseTest.launchApplication(BaseTest.java:111)
at rahulshettyacademy.stepDefinition.StepDefinitionImp.I_landed_on_Ecommerce_Page(StepDefinitionImp.java:26)
at ✽.I landed on Ecommerce Page(file:///C:/Users/52333397/eclipse-workspace/RahulShettyAcademy1/src/test/java/cucumber/SubmitOrder.feature:6)
]]>
    </error>
  </testcase> <!-- runScenario -->
</testsuite> <!-- cucumber.TestNGTestRunner -->
