<?xml version="1.0" encoding="UTF-8"?>
<!-- Generated by org.testng.reporters.JUnitReportReporter -->
<testsuite hostname="COREPW0CFJM5" failures="0" tests="2" name="RahulShettyAcademyFrameworkdesign.SubmoitOrderTest" time="0.000" errors="1" timestamp="2025-11-01T17:04:34 IST" skipped="1">
  <testcase classname="RahulShettyAcademyFrameworkdesign.SubmoitOrderTest" name="OrderHistoryTest" time="0.000">
    <skipped/>
  </testcase> <!-- OrderHistoryTest -->
  <testcase classname="RahulShettyAcademyFrameworkdesign.SubmoitOrderTest" name="submitOrder" time="0.000">
    <error message="java.nio.file.NoSuchFileException: C:\Users\52333397\eclipse-workspace\RahulShettyAcademy1\src\test\java\rahulshettyacademy\data\PurchaseOrder.json" type="java.lang.RuntimeException">
      <![CDATA[java.lang.RuntimeException: java.nio.file.NoSuchFileException: C:\Users\52333397\eclipse-workspace\RahulShettyAcademy1\src\test\java\rahulshettyacademy\data\PurchaseOrder.json
at org.testng.internal.invokers.MethodInvocationHelper.invokeMethodNoCheckedException(MethodInvocationHelper.java:58)
at org.testng.internal.invokers.MethodInvocationHelper.invokeDataProvider(MethodInvocationHelper.java:159)
at org.testng.internal.Parameters.handleParameters(Parameters.java:809)
at org.testng.internal.Parameters.handleParameters(Parameters.java:734)
at org.testng.internal.invokers.ParameterHandler.handleParameters(ParameterHandler.java:72)
at org.testng.internal.invokers.ParameterHandler.createParameters(ParameterHandler.java:51)
at org.testng.internal.invokers.TestInvoker$MethodInvocationAgent.invoke(TestInvoker.java:949)
at org.testng.internal.invokers.TestInvoker.invokeTestMethods(TestInvoker.java:203)
at org.testng.internal.invokers.TestMethodWorker.invokeTestMethods(TestMethodWorker.java:154)
at org.testng.internal.invokers.TestMethodWorker.run(TestMethodWorker.java:134)
at java.base/java.util.ArrayList.forEach(ArrayList.java:1597)
at org.testng.TestRunner.privateRun(TestRunner.java:741)
at org.testng.TestRunner.run(TestRunner.java:616)
at org.testng.SuiteRunner.runTest(SuiteRunner.java:421)
at org.testng.SuiteRunner.runSequentially(SuiteRunner.java:413)
at org.testng.SuiteRunner.privateRun(SuiteRunner.java:373)
at org.testng.SuiteRunner.run(SuiteRunner.java:312)
at org.testng.SuiteRunnerWorker.runSuite(SuiteRunnerWorker.java:52)
at org.testng.SuiteRunnerWorker.run(SuiteRunnerWorker.java:95)
at org.testng.TestNG.runSuitesSequentially(TestNG.java:1274)
at org.testng.TestNG.runSuitesLocally(TestNG.java:1208)
at org.testng.TestNG.runSuites(TestNG.java:1112)
at org.testng.TestNG.run(TestNG.java:1079)
at org.testng.remote.AbstractRemoteTestNG.run(AbstractRemoteTestNG.java:115)
at org.testng.remote.RemoteTestNG.initAndRun(RemoteTestNG.java:293)
at org.testng.remote.RemoteTestNG.main(RemoteTestNG.java:91)
Caused by: java.nio.file.NoSuchFileException: C:\Users\52333397\eclipse-workspace\RahulShettyAcademy1\src\test\java\rahulshettyacademy\data\PurchaseOrder.json
at java.base/sun.nio.fs.WindowsException.translateToIOException(WindowsException.java:85)
at java.base/sun.nio.fs.WindowsException.rethrowAsIOException(WindowsException.java:103)
at java.base/sun.nio.fs.WindowsException.rethrowAsIOException(WindowsException.java:108)
at java.base/sun.nio.fs.WindowsFileSystemProvider.newByteChannel(WindowsFileSystemProvider.java:234)
at java.base/java.nio.file.Files.newByteChannel(Files.java:380)
at java.base/java.nio.file.Files.newByteChannel(Files.java:432)
at java.base/java.nio.file.spi.FileSystemProvider.newInputStream(FileSystemProvider.java:420)
at java.base/java.nio.file.Files.newInputStream(Files.java:160)
at org.apache.commons.io.FileUtils.lambda$readFileToString$14(FileUtils.java:2768)
at org.apache.commons.io.IOUtils.toString(IOUtils.java:3204)
at org.apache.commons.io.IOUtils.toString(IOUtils.java:3179)
at org.apache.commons.io.FileUtils.readFileToString(FileUtils.java:2768)
at RahulShettyAcademyFrameworkdesign.TestComponents.BaseTest.getJsonDataToMap(BaseTest.java:82)
at RahulShettyAcademyFrameworkdesign.SubmoitOrderTest.getData(SubmoitOrderTest.java:84)
at java.base/jdk.internal.reflect.DirectMethodHandleAccessor.invoke(DirectMethodHandleAccessor.java:103)
at java.base/java.lang.reflect.Method.invoke(Method.java:580)
at org.testng.internal.invokers.MethodInvocationHelper.invokeMethod(MethodInvocationHelper.java:141)
at org.testng.internal.invokers.MethodInvocationHelper.invokeMethod(MethodInvocationHelper.java:86)
at org.testng.internal.invokers.MethodInvocationHelper.invokeMethodNoCheckedException(MethodInvocationHelper.java:54)
... 25 more
]]>
    </error>
  </testcase> <!-- submitOrder -->
</testsuite> <!-- RahulShettyAcademyFrameworkdesign.SubmoitOrderTest -->
